{"uid":"591e346802c6c98b","name":"06 fail in before each","fullName":"test cucumber 06 fail in before each","historyId":"f970995b-a147-556c-ad67-4ec0092a824e","time":{"start":1699648060551,"stop":1699648060846,"duration":295},"status":"failed","statusMessage":"failed in after hook: expected true to be false","statusTrace":"AssertionError: failed in after hook: expected true to be false\n    at Context.eval (http://localhost:50235/__cypress/tests?p=cypress/e2e/first.feature:15780:51)\n    at Registry.runCaseHook (http://localhost:50235/__cypress/tests?p=cypress/e2e/first.feature:8566:38)\n    at Object.fn (http://localhost:50235/__cypress/tests?p=cypress/e2e/first.feature:14953:39)\n    at runStepWithLogGroup (http://localhost:50235/__cypress/tests?p=cypress/e2e/first.feature:14627:29)\n    at Context.eval (http://localhost:50235/__cypress/tests?p=cypress/e2e/first.feature:14952:51)","flaky":false,"newFailed":false,"newBroken":false,"newPassed":false,"retriesCount":0,"retriesStatusChange":false,"beforeStages":[{"name":"\"before all\" hook","time":{"start":1699648058993,"stop":1699648059095,"duration":102},"status":"passed","steps":[],"attachments":[],"parameters":[],"shouldDisplayMessage":false,"stepsCount":0,"attachmentsCount":0,"attachmentStep":false,"hasContent":false}],"testStage":{"status":"failed","statusMessage":"failed in after hook: expected true to be false","statusTrace":"AssertionError: failed in after hook: expected true to be false\n    at Context.eval (http://localhost:50235/__cypress/tests?p=cypress/e2e/first.feature:15780:51)\n    at Registry.runCaseHook (http://localhost:50235/__cypress/tests?p=cypress/e2e/first.feature:8566:38)\n    at Object.fn (http://localhost:50235/__cypress/tests?p=cypress/e2e/first.feature:14953:39)\n    at runStepWithLogGroup (http://localhost:50235/__cypress/tests?p=cypress/e2e/first.feature:14627:29)\n    at Context.eval (http://localhost:50235/__cypress/tests?p=cypress/e2e/first.feature:14952:51)","steps":[{"name":"\"before each\" hook","time":{"start":1699648060554,"stop":1699648060643,"duration":89},"status":"passed","steps":[],"attachments":[],"parameters":[],"shouldDisplayMessage":false,"stepsCount":0,"attachmentsCount":0,"attachmentStep":false,"hasContent":false},{"name":"Before: @fail-before","time":{"start":1699648060604,"stop":1699648060831,"duration":227},"status":"failed","statusMessage":"failed in after hook: expected true to be false","statusTrace":"AssertionError: failed in after hook: expected true to be false\n    at Context.eval (http://localhost:50235/__cypress/tests?p=cypress/e2e/first.feature:15780:51)\n    at Registry.runCaseHook (http://localhost:50235/__cypress/tests?p=cypress/e2e/first.feature:8566:38)\n    at Object.fn (http://localhost:50235/__cypress/tests?p=cypress/e2e/first.feature:14953:39)\n    at runStepWithLogGroup (http://localhost:50235/__cypress/tests?p=cypress/e2e/first.feature:14627:29)\n    at Context.eval (http://localhost:50235/__cypress/tests?p=cypress/e2e/first.feature:14952:51)","steps":[{"name":"assert: failed in after hook: expected **true** to be false","time":{"start":1699648060606,"stop":1699648060606,"duration":0},"status":"failed","statusMessage":"failed in after hook: expected true to be false","statusTrace":"AssertionError: failed in after hook: expected true to be false\n    at Context.eval (http://localhost:50235/__cypress/tests?p=cypress/e2e/first.feature:15780:51)\n    at Registry.runCaseHook (http://localhost:50235/__cypress/tests?p=cypress/e2e/first.feature:8566:38)\n    at Object.fn (http://localhost:50235/__cypress/tests?p=cypress/e2e/first.feature:14953:39)\n    at runStepWithLogGroup (http://localhost:50235/__cypress/tests?p=cypress/e2e/first.feature:14627:29)\n    at Context.eval (http://localhost:50235/__cypress/tests?p=cypress/e2e/first.feature:14952:51)","steps":[],"attachments":[],"parameters":[],"shouldDisplayMessage":true,"stepsCount":0,"attachmentsCount":0,"attachmentStep":false,"hasContent":true}],"attachments":[],"parameters":[],"shouldDisplayMessage":false,"stepsCount":1,"attachmentsCount":0,"attachmentStep":false,"hasContent":true},{"name":"\"after each\" hook","time":{"start":1699648060832,"stop":1699648060832,"duration":0},"status":"passed","steps":[],"attachments":[],"parameters":[],"shouldDisplayMessage":false,"stepsCount":0,"attachmentsCount":0,"attachmentStep":false,"hasContent":false}],"attachments":[{"uid":"3e4cc92d5e080edb","name":"test cucumber -- 06 fail in before each (failed).png","source":"3e4cc92d5e080edb.png","type":"image/png","size":76009}],"parameters":[],"shouldDisplayMessage":false,"stepsCount":4,"attachmentsCount":1,"attachmentStep":false,"hasContent":true},"afterStages":[{"name":"\"after all\" hook","time":{"start":1699648060833,"stop":1699648060833,"duration":0},"status":"passed","steps":[],"attachments":[],"parameters":[],"shouldDisplayMessage":false,"stepsCount":0,"attachmentsCount":0,"attachmentStep":false,"hasContent":false}],"labels":[{"name":"package","value":"cypress.e2e.first.feature"},{"name":"path","value":"cypress/e2e/first.feature"},{"name":"tag","value":"@release1.1"},{"name":"tag","value":"@fail-before"},{"name":"host","value":"my-host"},{"name":"thread","value":"01"},{"name":"parentSuite","value":"cypress-js-gherkin"},{"name":"resultFormat","value":"allure2"}],"parameters":[],"links":[],"hidden":false,"retry":false,"extra":{"severity":"normal","retries":[],"categories":[{"name":"Product defects","matchedStatuses":[],"flaky":false}],"tags":["@fail-before","@release1.1"]},"source":"591e346802c6c98b.json","parameterValues":[]}