{"uid":"c95662d26a7b61a","name":"06 fail in before each","fullName":"test cucumber 06 fail in before each","historyId":"f970995b-a147-556c-ad67-4ec0092a824e","time":{"start":1699650761808,"stop":1699650762482,"duration":674},"status":"failed","statusMessage":"failed in after hook: expected true to be false","statusTrace":"AssertionError: failed in after hook: expected true to be false\n    at Context.eval (http://localhost:52616/__cypress/tests?p=cypress/e2e/first.feature:15780:51)\n    at Registry.runCaseHook (http://localhost:52616/__cypress/tests?p=cypress/e2e/first.feature:8566:38)\n    at Object.fn (http://localhost:52616/__cypress/tests?p=cypress/e2e/first.feature:14953:39)\n    at runStepWithLogGroup (http://localhost:52616/__cypress/tests?p=cypress/e2e/first.feature:14627:29)\n    at Context.eval (http://localhost:52616/__cypress/tests?p=cypress/e2e/first.feature:14952:51)","flaky":false,"newFailed":false,"newBroken":false,"newPassed":false,"retriesCount":0,"retriesStatusChange":false,"beforeStages":[{"name":"\"before all\" hook","time":{"start":1699650754217,"stop":1699650754861,"duration":644},"status":"passed","steps":[],"attachments":[],"parameters":[],"shouldDisplayMessage":false,"stepsCount":0,"attachmentsCount":0,"attachmentStep":false,"hasContent":false}],"testStage":{"status":"failed","statusMessage":"failed in after hook: expected true to be false","statusTrace":"AssertionError: failed in after hook: expected true to be false\n    at Context.eval (http://localhost:52616/__cypress/tests?p=cypress/e2e/first.feature:15780:51)\n    at Registry.runCaseHook (http://localhost:52616/__cypress/tests?p=cypress/e2e/first.feature:8566:38)\n    at Object.fn (http://localhost:52616/__cypress/tests?p=cypress/e2e/first.feature:14953:39)\n    at runStepWithLogGroup (http://localhost:52616/__cypress/tests?p=cypress/e2e/first.feature:14627:29)\n    at Context.eval (http://localhost:52616/__cypress/tests?p=cypress/e2e/first.feature:14952:51)","steps":[{"name":"\"before each\" hook","time":{"start":1699650761899,"stop":1699650762116,"duration":217},"status":"passed","steps":[],"attachments":[],"parameters":[],"shouldDisplayMessage":false,"stepsCount":0,"attachmentsCount":0,"attachmentStep":false,"hasContent":false},{"name":"Before: @fail-before","time":{"start":1699650762089,"stop":1699650762396,"duration":307},"status":"failed","statusMessage":"failed in after hook: expected true to be false","statusTrace":"AssertionError: failed in after hook: expected true to be false\n    at Context.eval (http://localhost:52616/__cypress/tests?p=cypress/e2e/first.feature:15780:51)\n    at Registry.runCaseHook (http://localhost:52616/__cypress/tests?p=cypress/e2e/first.feature:8566:38)\n    at Object.fn (http://localhost:52616/__cypress/tests?p=cypress/e2e/first.feature:14953:39)\n    at runStepWithLogGroup (http://localhost:52616/__cypress/tests?p=cypress/e2e/first.feature:14627:29)\n    at Context.eval (http://localhost:52616/__cypress/tests?p=cypress/e2e/first.feature:14952:51)","steps":[{"name":"assert: failed in after hook: expected **true** to be false","time":{"start":1699650762093,"stop":1699650762093,"duration":0},"status":"failed","statusMessage":"failed in after hook: expected true to be false","statusTrace":"AssertionError: failed in after hook: expected true to be false\n    at Context.eval (http://localhost:52616/__cypress/tests?p=cypress/e2e/first.feature:15780:51)\n    at Registry.runCaseHook (http://localhost:52616/__cypress/tests?p=cypress/e2e/first.feature:8566:38)\n    at Object.fn (http://localhost:52616/__cypress/tests?p=cypress/e2e/first.feature:14953:39)\n    at runStepWithLogGroup (http://localhost:52616/__cypress/tests?p=cypress/e2e/first.feature:14627:29)\n    at Context.eval (http://localhost:52616/__cypress/tests?p=cypress/e2e/first.feature:14952:51)","steps":[],"attachments":[],"parameters":[],"shouldDisplayMessage":true,"stepsCount":0,"attachmentsCount":0,"attachmentStep":false,"hasContent":true}],"attachments":[],"parameters":[],"shouldDisplayMessage":false,"stepsCount":1,"attachmentsCount":0,"attachmentStep":false,"hasContent":true},{"name":"\"after each\" hook","time":{"start":1699650762407,"stop":1699650762407,"duration":0},"status":"passed","steps":[],"attachments":[],"parameters":[],"shouldDisplayMessage":false,"stepsCount":0,"attachmentsCount":0,"attachmentStep":false,"hasContent":false}],"attachments":[{"uid":"ed4e664fc6eb2436","name":"test cucumber -- 06 fail in before each (failed).png","source":"ed4e664fc6eb2436.png","type":"image/png","size":75956}],"parameters":[],"shouldDisplayMessage":false,"stepsCount":4,"attachmentsCount":1,"attachmentStep":false,"hasContent":true},"afterStages":[{"name":"\"after all\" hook","time":{"start":1699650762447,"stop":1699650762447,"duration":0},"status":"passed","steps":[],"attachments":[],"parameters":[],"shouldDisplayMessage":false,"stepsCount":0,"attachmentsCount":0,"attachmentStep":false,"hasContent":false},{"name":"video","time":{"start":1699650766736,"stop":1699650766736,"duration":0},"status":"passed","steps":[],"attachments":[{"uid":"3656d657ade45660","name":"first.feature.mp4","source":"3656d657ade45660.mp4","type":"video/mp4","size":575446}],"parameters":[],"shouldDisplayMessage":false,"stepsCount":0,"attachmentsCount":1,"attachmentStep":false,"hasContent":true}],"labels":[{"name":"package","value":"cypress.e2e.first.feature"},{"name":"path","value":"cypress/e2e/first.feature"},{"name":"tag","value":"@release1.1"},{"name":"tag","value":"@fail-before"},{"name":"host","value":"my-host"},{"name":"thread","value":"01"},{"name":"parentSuite","value":"cypress-js-gherkin"},{"name":"resultFormat","value":"allure2"}],"parameters":[],"links":[],"hidden":false,"retry":false,"extra":{"severity":"normal","retries":[],"categories":[{"name":"Product defects","matchedStatuses":[],"flaky":false}],"history":{"statistic":{"failed":3,"broken":0,"skipped":0,"passed":0,"unknown":0,"total":3},"items":[{"uid":"613cea50ef664b22","status":"failed","statusDetails":"failed in after hook: expected true to be false","time":{"start":1699648497016,"stop":1699648498106,"duration":1090}},{"uid":"591e346802c6c98b","status":"failed","statusDetails":"failed in after hook: expected true to be false","time":{"start":1699648060551,"stop":1699648060846,"duration":295}}]},"tags":["@fail-before","@release1.1"]},"source":"c95662d26a7b61a.json","parameterValues":[]}